<?xml version="1.0" encoding="UTF-8"?>
<!-- Generated by org.testng.reporters.JUnitReportReporter -->
<testsuite hostname="DESKTOP-4B2H7EE" failures="0" tests="2" name="nov_21.AdvanceReports" time="9.114" errors="0" timestamp="2023-11-28T12:57:52 IST" skipped="0">
  <testcase classname="nov_21.AdvanceReports" name="failTest" time="5.411"/>
  <system-out/>
  <testcase classname="nov_21.AdvanceReports" name="passTest" time="3.703"/>
  <system-out/>
</testsuite> <!-- nov_21.AdvanceReports -->
