<?xml version="1.0" encoding="UTF-8"?>
<!-- Generated by org.testng.reporters.JUnitReportReporter -->
<testsuite hostname="DESKTOP-4B2H7EE" failures="0" tests="1" name="testrunners.EmployeeRegTest" time="8.256" errors="0" timestamp="14 Nov 2023 08:34:35 GMT" skipped="0">
  <testcase classname="testrunners.EmployeeRegTest" name="runScenario" time="8.256"/>
</testsuite> <!-- testrunners.EmployeeRegTest -->
