<?xml version="1.0" encoding="UTF-8"?>
<!-- Generated by org.testng.reporters.JUnitReportReporter -->
<testsuite hostname="DESKTOP-4B2H7EE" failures="0" tests="1" name="nov_20.Using_PropertyFiles" time="1.368" errors="0" timestamp="2023-11-27T21:16:20 IST" skipped="0">
  <testcase classname="nov_20.Using_PropertyFiles" name="starttest" time="1.368"/>
  <system-out>
    <![CDATA[Login Success::dashboard      http://orangehrm.qedgetech.com/symfony/web/index.php/dashboard]]>
  </system-out>
</testsuite> <!-- nov_20.Using_PropertyFiles -->
