<?xml version="1.0" encoding="UTF-8"?>
<!-- Generated by org.testng.reporters.JUnitReportReporter -->
<testsuite hostname="DESKTOP-4B2H7EE" failures="0" tests="4" name="testrunners.AdminLoginTest" time="16.963" errors="0" timestamp="14 Nov 2023 08:34:35 GMT" skipped="0">
  <testcase classname="testrunners.AdminLoginTest" name="runScenario" time="3.581"/>
  <testcase classname="testrunners.AdminLoginTest" name="runScenario" time="3.426"/>
  <testcase classname="testrunners.AdminLoginTest" name="runScenario" time="6.294"/>
  <testcase classname="testrunners.AdminLoginTest" name="runScenario" time="3.662"/>
</testsuite> <!-- testrunners.AdminLoginTest -->
